SF:lib\backend\auth.dart
DA:10,0
DA:12,3
DA:14,0
DA:15,0
DA:16,0
DA:17,0
DA:22,1
DA:26,2
DA:32,0
DA:36,0
DA:41,0
DA:42,0
DA:43,0
DA:46,0
DA:47,0
DA:48,0
DA:49,0
DA:50,0
DA:51,0
DA:52,0
DA:53,0
DA:57,0
DA:58,0
DA:59,0
DA:62,0
DA:63,0
DA:64,0
LF:27
LH:3
end_of_record
SF:lib\backend\friends.dart
DA:7,0
DA:8,0
DA:10,0
DA:12,0
DA:13,0
DA:14,0
DA:15,0
DA:16,0
DA:17,0
DA:18,0
DA:19,0
DA:20,0
DA:21,0
DA:22,0
DA:25,0
DA:28,0
DA:29,0
DA:30,0
DA:31,0
DA:34,0
DA:35,0
DA:36,0
DA:37,0
DA:38,0
DA:39,0
DA:41,0
DA:43,0
DA:44,0
LF:28
LH:0
end_of_record
SF:lib\backend\requests.dart
DA:6,0
DA:7,0
DA:9,0
DA:10,0
DA:11,0
DA:12,0
DA:13,0
DA:14,0
DA:15,0
DA:18,0
DA:19,0
DA:20,0
DA:21,0
DA:23,0
DA:26,0
DA:27,0
DA:29,0
DA:30,0
DA:33,0
DA:34,0
DA:35,0
DA:37,0
DA:38,0
DA:39,0
DA:40,0
DA:41,0
DA:42,0
DA:43,0
DA:44,0
DA:45,0
DA:46,0
DA:47,0
DA:50,0
DA:53,0
DA:54,0
DA:55,0
DA:56,0
DA:57,0
DA:58,0
DA:59,0
DA:61,0
DA:64,0
DA:65,0
DA:66,0
DA:67,0
DA:68,0
DA:69,0
DA:70,0
DA:71,0
DA:73,0
DA:74,0
DA:75,0
DA:76,0
DA:77,0
DA:79,0
DA:80,0
LF:56
LH:0
end_of_record
SF:lib\backend\variables.dart
DA:10,6
DA:12,4
DA:13,4
DA:14,0
DA:15,0
DA:16,10
DA:17,3
DA:21,6
DA:42,6
DA:57,6
DA:65,0
DA:66,0
DA:68,0
LF:13
LH:8
end_of_record
SF:lib\backend\library.dart
DA:6,0
DA:7,0
DA:9,0
DA:11,0
DA:12,0
DA:13,0
DA:14,0
DA:15,0
DA:16,0
DA:17,0
DA:18,0
DA:19,0
DA:20,0
DA:21,0
DA:22,0
DA:23,0
DA:24,0
DA:25,0
DA:28,0
DA:30,0
DA:32,0
DA:34,0
LF:22
LH:0
end_of_record
SF:lib\backend\playlist.dart
DA:16,1
DA:19,7
DA:21,1
DA:22,5
DA:24,1
DA:27,1
DA:29,2
DA:31,2
DA:32,1
DA:33,6
DA:34,2
DA:35,1
DA:38,1
DA:39,1
DA:42,1
DA:44,2
DA:45,2
DA:46,1
DA:47,1
DA:48,1
DA:49,1
DA:52,0
DA:53,0
DA:56,0
DA:57,0
DA:58,0
DA:59,0
DA:60,0
DA:62,0
DA:63,0
DA:65,0
DA:66,0
DA:67,0
DA:68,0
DA:69,0
DA:70,0
LF:36
LH:21
end_of_record
SF:lib\backend\song.dart
DA:20,3
DA:28,2
DA:31,1
DA:32,3
DA:33,3
DA:35,1
DA:36,5
DA:38,1
DA:39,1
DA:40,4
DA:43,1
DA:44,1
DA:45,2
DA:48,0
DA:52,3
DA:56,3
DA:57,3
DA:58,3
DA:60,6
DA:61,3
DA:63,3
DA:64,3
DA:69,6
DA:70,6
DA:71,3
DA:75,0
DA:79,2
DA:80,2
DA:81,4
DA:84,4
DA:85,2
DA:86,2
DA:87,4
DA:88,2
DA:89,4
DA:90,4
DA:91,6
DA:93,10
DA:94,8
DA:96,12
DA:98,8
DA:99,8
DA:100,6
DA:102,2
DA:112,2
DA:116,1
DA:117,3
DA:118,0
DA:119,0
DA:121,2
DA:122,1
DA:123,6
DA:124,1
DA:126,2
DA:128,1
LF:55
LH:51
end_of_record
SF:lib\pages\filters.dart
DA:9,11
DA:11,2
DA:12,2
DA:25,2
DA:27,2
DA:28,2
DA:29,4
DA:33,2
DA:34,4
DA:35,2
DA:36,0
DA:39,2
DA:41,2
DA:43,2
DA:44,0
DA:45,2
DA:47,2
DA:49,2
DA:56,2
DA:58,2
DA:59,2
DA:60,2
DA:61,2
DA:64,2
DA:65,2
DA:66,2
DA:67,2
DA:71,2
DA:74,2
DA:75,2
DA:76,2
DA:77,2
DA:78,2
DA:79,2
DA:80,2
DA:81,2
DA:84,2
DA:85,2
DA:86,2
DA:87,2
DA:89,2
DA:90,4
DA:91,2
DA:92,4
DA:98,1
DA:99,2
DA:101,1
DA:102,2
DA:103,1
DA:105,1
DA:106,1
DA:107,2
DA:112,2
DA:113,2
DA:114,2
DA:115,2
DA:119,2
DA:126,1
DA:127,1
DA:129,1
DA:130,1
DA:132,1
DA:133,1
DA:136,1
DA:137,1
DA:138,4
DA:139,1
DA:140,1
DA:141,1
DA:142,1
DA:143,1
DA:145,1
DA:150,3
DA:151,1
DA:152,2
DA:153,1
DA:154,2
DA:157,1
DA:158,1
DA:159,1
DA:160,1
DA:161,1
DA:162,1
DA:164,1
DA:165,1
DA:168,1
DA:172,1
DA:177,2
DA:178,2
DA:181,2
DA:182,2
DA:183,2
DA:184,2
DA:186,2
DA:187,2
DA:190,2
DA:194,2
DA:195,4
DA:197,0
DA:198,0
DA:201,0
DA:202,0
DA:207,1
DA:208,1
DA:209,2
DA:210,1
DA:214,2
DA:217,2
DA:223,2
DA:224,6
DA:225,1
DA:226,4
DA:227,1
DA:229,1
DA:230,1
DA:231,1
DA:232,2
DA:233,1
DA:234,1
DA:235,1
DA:236,1
DA:237,1
DA:238,1
DA:240,1
DA:242,1
DA:243,1
DA:245,1
DA:248,1
DA:251,1
DA:252,0
DA:253,0
DA:254,0
DA:255,0
DA:256,0
DA:257,0
DA:258,0
DA:259,0
DA:260,0
DA:261,0
DA:265,1
DA:266,1
DA:274,1
DA:280,2
DA:282,2
DA:283,2
DA:284,2
DA:285,2
DA:286,2
DA:287,2
DA:288,2
DA:290,2
DA:292,2
DA:293,2
DA:295,6
DA:297,2
DA:298,3
DA:299,2
DA:300,3
DA:301,2
DA:306,5
DA:307,1
DA:308,0
DA:309,0
DA:310,0
DA:311,0
DA:313,0
DA:316,1
DA:317,1
DA:318,1
DA:319,1
DA:320,1
DA:322,1
DA:323,1
LF:173
LH:152
end_of_record
SF:lib\pages\appBar\appBar.dart
DA:9,8
DA:11,4
DA:12,4
DA:14,4
DA:23,4
DA:25,4
DA:26,4
DA:29,4
DA:30,8
DA:31,4
DA:32,0
DA:33,4
DA:34,4
DA:35,0
DA:36,4
DA:40,4
DA:42,4
DA:43,4
DA:46,4
DA:47,1
DA:48,1
DA:50,3
DA:53,4
DA:54,4
DA:55,4
DA:56,4
DA:57,4
DA:62,4
DA:64,4
DA:66,4
DA:67,4
DA:77,4
DA:78,8
DA:79,2
DA:80,4
DA:82,4
DA:83,4
DA:85,4
DA:89,4
DA:90,4
DA:91,4
DA:92,0
DA:93,0
DA:95,0
DA:96,0
DA:100,4
DA:102,4
DA:107,4
LF:48
LH:42
end_of_record
SF:lib\pages\appBar\profileScreen.dart
DA:10,0
DA:11,0
DA:21,0
DA:23,0
DA:24,0
DA:27,0
DA:28,0
DA:29,0
DA:30,0
DA:32,0
DA:33,0
DA:34,0
DA:35,0
DA:36,0
DA:38,0
DA:42,0
DA:43,0
DA:45,0
DA:51,0
DA:52,0
DA:53,0
DA:54,0
DA:57,0
DA:58,0
DA:63,0
DA:64,0
DA:66,0
DA:67,0
DA:68,0
DA:75,0
DA:76,0
DA:77,0
DA:78,0
DA:80,0
DA:82,0
DA:85,0
DA:86,0
DA:87,0
DA:88,0
DA:89,0
DA:92,0
DA:93,0
DA:95,0
DA:96,0
DA:106,0
DA:107,0
DA:108,0
DA:109,0
DA:110,0
DA:111,0
DA:113,0
DA:115,0
DA:118,0
DA:119,0
DA:120,0
DA:121,0
DA:122,0
DA:125,0
DA:126,0
DA:128,0
DA:129,0
DA:139,0
DA:141,0
DA:142,0
DA:143,0
DA:144,0
DA:145,0
DA:146,0
DA:148,0
DA:149,0
DA:150,0
DA:152,0
DA:153,0
DA:158,0
DA:159,0
DA:162,0
DA:164,0
DA:165,0
DA:166,0
DA:168,0
DA:169,0
DA:170,0
DA:171,0
DA:172,0
DA:173,0
DA:174,0
DA:177,0
DA:178,0
DA:179,0
DA:180,0
DA:181,0
DA:182,0
DA:188,0
DA:189,0
DA:191,0
DA:192,0
DA:193,0
DA:194,0
DA:195,0
DA:196,0
DA:197,0
DA:200,0
DA:201,0
DA:202,0
DA:203,0
DA:204,0
DA:205,0
DA:211,0
DA:212,0
DA:214,0
DA:215,0
DA:219,0
DA:221,0
DA:222,0
DA:223,0
DA:224,0
DA:225,0
DA:226,0
DA:229,0
DA:230,0
DA:231,0
DA:232,0
DA:234,0
DA:235,0
DA:236,0
DA:237,0
DA:240,0
DA:241,0
DA:245,0
DA:247,0
DA:248,0
DA:250,0
DA:254,0
LF:133
LH:0
end_of_record
SF:lib\pages\homeScreen.dart
DA:11,4
DA:13,2
DA:14,2
DA:22,2
DA:24,2
DA:25,2
DA:28,2
DA:29,4
DA:30,2
DA:31,0
DA:33,2
DA:34,2
DA:35,0
DA:36,2
DA:40,2
DA:42,2
DA:43,2
DA:44,2
DA:45,2
DA:46,2
DA:47,2
DA:48,2
DA:49,2
DA:50,2
DA:53,2
DA:54,0
DA:55,0
DA:56,0
DA:58,0
DA:61,2
DA:73,2
DA:76,2
DA:77,0
DA:79,0
DA:81,0
DA:84,2
DA:87,2
DA:88,2
DA:89,2
DA:90,2
DA:96,2
DA:97,2
DA:100,2
DA:101,1
DA:102,1
DA:104,3
DA:107,2
DA:119,2
DA:122,2
DA:123,0
DA:124,0
DA:126,0
DA:129,2
DA:141,2
DA:144,2
DA:147,2
DA:148,2
DA:157,2
DA:160,2
DA:163,2
DA:164,2
LF:61
LH:49
end_of_record
SF:lib\pages\appBar\infoScreen.dart
DA:12,4
DA:14,3
DA:15,3
DA:24,3
DA:26,3
DA:27,3
DA:30,3
DA:31,6
DA:32,3
DA:33,3
DA:42,3
DA:44,3
DA:45,3
DA:48,3
DA:49,3
DA:50,3
DA:51,3
DA:52,3
DA:53,3
DA:54,3
DA:55,3
DA:66,3
DA:70,3
DA:72,3
DA:73,3
DA:74,3
DA:76,3
DA:81,3
DA:82,0
DA:83,0
DA:85,0
DA:86,0
DA:90,3
DA:92,3
DA:93,3
DA:98,6
DA:106,3
DA:110,3
DA:112,3
DA:113,3
DA:114,3
DA:116,3
DA:121,3
DA:122,0
DA:123,0
DA:125,0
DA:126,0
DA:130,3
DA:132,3
DA:133,3
DA:138,6
DA:146,3
DA:150,3
DA:152,3
DA:153,3
DA:154,3
DA:156,3
DA:161,3
DA:162,2
DA:163,2
DA:165,2
DA:166,4
DA:170,3
DA:172,3
DA:177,6
DA:185,3
DA:189,3
DA:191,3
DA:193,3
DA:194,0
DA:195,0
DA:197,0
DA:200,3
DA:201,3
DA:203,3
DA:204,3
DA:209,6
LF:77
LH:66
end_of_record
SF:lib\pages\sidebar\about.dart
DA:9,2
DA:11,2
DA:12,2
DA:20,2
DA:22,2
DA:23,2
DA:26,2
DA:27,4
DA:28,2
DA:29,0
DA:30,2
DA:31,2
DA:32,0
DA:33,2
DA:37,2
DA:39,2
DA:40,2
DA:41,2
DA:42,2
DA:43,2
DA:44,2
DA:46,2
DA:47,2
DA:48,2
DA:50,2
DA:51,2
DA:56,2
DA:57,2
DA:59,2
DA:60,2
DA:65,2
DA:66,2
DA:68,2
DA:69,2
DA:74,2
DA:75,2
DA:77,2
DA:78,2
LF:38
LH:36
end_of_record
SF:lib\pages\sidebar\addFriends.dart
DA:10,0
DA:12,0
DA:13,0
DA:21,0
DA:23,0
DA:24,0
DA:27,0
DA:28,0
DA:29,0
DA:30,0
DA:31,0
DA:32,0
DA:33,0
DA:34,0
DA:41,0
DA:43,0
DA:44,0
DA:45,0
DA:51,0
DA:53,0
DA:54,0
DA:55,0
DA:56,0
DA:57,0
DA:58,0
DA:59,0
DA:61,0
DA:62,0
DA:64,0
DA:66,0
DA:67,0
DA:68,0
DA:69,0
DA:72,0
DA:73,0
DA:74,0
DA:75,0
DA:81,0
DA:82,0
DA:83,0
DA:84,0
DA:85,0
DA:86,0
DA:88,0
DA:90,0
DA:93,0
DA:95,0
DA:97,0
DA:101,0
DA:104,0
DA:105,0
DA:106,0
DA:107,0
DA:108,0
DA:111,0
DA:112,0
DA:113,0
DA:114,0
DA:115,0
DA:116,0
DA:118,0
DA:119,0
DA:123,0
DA:125,0
DA:126,0
DA:129,0
DA:130,0
DA:131,0
LF:68
LH:0
end_of_record
SF:lib\pages\sidebar\friends.dart
DA:12,0
DA:14,0
DA:15,0
DA:22,0
DA:24,0
DA:25,0
DA:28,0
DA:29,0
DA:30,0
DA:31,0
DA:32,0
DA:33,0
DA:34,0
DA:35,0
DA:48,0
DA:49,0
DA:50,0
DA:51,0
DA:53,0
DA:54,0
DA:55,0
DA:60,0
DA:61,0
DA:63,0
DA:64,0
DA:65,0
DA:72,0
DA:73,0
DA:74,0
DA:75,0
DA:77,0
DA:79,0
DA:82,0
DA:83,0
DA:84,0
DA:85,0
DA:86,0
DA:89,0
DA:90,0
DA:92,0
DA:93,0
DA:103,0
DA:104,0
DA:105,0
DA:106,0
DA:107,0
DA:108,0
DA:110,0
DA:112,0
DA:114,0
DA:117,0
DA:118,0
DA:119,0
DA:120,0
DA:121,0
DA:124,0
DA:125,0
DA:126,0
DA:128,0
DA:129,0
DA:139,0
DA:140,0
DA:141,0
DA:146,0
DA:149,0
DA:153,0
DA:157,0
DA:158,0
DA:159,0
DA:160,0
DA:161,0
DA:163,0
DA:164,0
DA:165,0
DA:170,0
DA:172,0
DA:173,0
DA:174,0
DA:175,0
DA:177,0
DA:178,0
DA:179,0
DA:182,0
DA:183,0
DA:184,0
DA:190,0
DA:191,0
DA:192,0
DA:194,0
DA:196,0
DA:197,0
DA:199,0
DA:200,0
DA:216,0
DA:217,0
DA:218,0
DA:223,0
DA:226,0
DA:230,0
DA:235,0
DA:236,0
DA:237,0
DA:238,0
DA:239,0
DA:240,0
DA:242,0
DA:243,0
DA:244,0
DA:249,0
DA:251,0
DA:252,0
DA:253,0
DA:254,0
DA:258,0
DA:260,0
DA:261,0
DA:262,0
DA:263,0
DA:265,0
DA:267,0
DA:268,0
DA:269,0
DA:270,0
DA:274,0
DA:275,0
DA:276,0
DA:278,0
DA:280,0
DA:281,0
DA:282,0
DA:283,0
DA:296,0
DA:297,0
DA:298,0
DA:300,0
DA:302,0
DA:303,0
DA:304,0
DA:308,0
DA:309,0
DA:310,0
DA:312,0
DA:313,0
DA:314,0
DA:315,0
DA:317,0
DA:318,0
DA:319,0
DA:320,0
DA:322,0
DA:323,0
DA:324,0
DA:325,0
DA:329,0
DA:330,0
DA:332,0
DA:335,0
DA:340,0
DA:341,0
DA:345,0
DA:346,0
DA:347,0
DA:349,0
DA:350,0
DA:351,0
DA:352,0
DA:354,0
DA:355,0
DA:356,0
DA:357,0
DA:360,0
DA:361,0
DA:363,0
DA:366,0
DA:376,0
DA:378,0
DA:379,0
DA:381,0
DA:382,0
DA:383,0
DA:384,0
DA:385,0
DA:386,0
DA:387,0
DA:388,0
DA:390,0
DA:391,0
DA:392,0
DA:396,0
DA:397,0
DA:398,0
DA:401,0
DA:402,0
LF:193
LH:0
end_of_record
SF:lib\pages\sidebar\library.dart
DA:17,0
DA:19,0
DA:20,0
DA:28,0
DA:30,0
DA:31,0
DA:34,0
DA:35,0
DA:36,0
DA:37,0
DA:38,0
DA:39,0
DA:40,0
DA:41,0
DA:47,0
DA:48,0
DA:51,0
DA:52,0
DA:58,0
DA:59,0
DA:60,0
DA:63,0
DA:64,0
DA:65,0
DA:66,0
DA:67,0
DA:68,0
DA:69,0
DA:74,0
DA:75,0
DA:76,0
DA:77,0
DA:78,0
DA:79,0
DA:80,0
DA:85,0
DA:86,0
DA:87,0
DA:89,0
DA:90,0
DA:99,0
DA:104,0
DA:106,0
DA:107,0
DA:108,0
DA:109,0
DA:110,0
DA:111,0
DA:112,0
DA:113,0
DA:114,0
DA:115,0
DA:116,0
DA:118,0
DA:119,0
DA:120,0
DA:121,0
DA:122,0
DA:123,0
DA:128,0
DA:129,0
DA:134,0
DA:135,0
DA:136,0
DA:139,0
DA:140,0
LF:66
LH:0
end_of_record
SF:lib\pages\authentication\login.dart
DA:9,0
DA:11,0
DA:12,0
DA:13,0
DA:16,0
DA:17,0
DA:20,0
DA:21,0
DA:24,0
DA:25,0
DA:29,0
DA:30,0
DA:31,0
DA:32,0
DA:33,0
DA:42,9
DA:44,1
DA:45,1
DA:56,0
DA:57,0
DA:66,0
DA:68,0
DA:69,0
DA:70,0
DA:72,0
DA:73,0
DA:74,0
DA:79,0
DA:80,0
DA:81,0
DA:84,0
DA:85,0
DA:86,0
DA:92,0
DA:94,0
DA:95,0
DA:98,0
DA:99,0
DA:100,0
DA:110,0
DA:111,0
DA:112,0
DA:115,0
DA:116,0
DA:117,0
DA:123,0
DA:125,0
DA:126,0
DA:129,0
DA:130,0
DA:131,0
DA:136,0
DA:137,0
DA:138,0
DA:139,0
DA:142,0
DA:143,0
DA:148,0
DA:153,0
DA:154,0
DA:155,0
DA:158,0
DA:159,0
DA:160,0
DA:166,0
DA:168,0
DA:169,0
DA:172,0
DA:173,0
DA:174,0
DA:179,0
DA:180,0
DA:181,0
DA:182,0
DA:185,0
DA:186,0
DA:191,0
DA:192,0
DA:193,0
DA:202,0
DA:203,0
DA:205,0
DA:206,0
DA:207,0
DA:208,0
DA:209,0
DA:210,0
DA:211,0
DA:215,0
DA:216,0
DA:217,0
DA:223,0
DA:224,0
DA:227,0
DA:229,0
DA:233,0
DA:234,0
DA:235,0
DA:236,0
DA:237,0
DA:238,0
DA:243,0
DA:253,0
DA:254,0
DA:255,0
DA:256,0
DA:261,0
DA:262,0
DA:263,0
DA:264,0
DA:265,0
DA:266,0
DA:267,0
DA:268,0
DA:271,0
DA:275,0
DA:276,0
DA:277,0
DA:278,0
DA:279,0
DA:282,0
DA:283,0
DA:284,0
DA:285,0
DA:287,0
DA:288,0
DA:289,0
DA:290,0
DA:297,0
DA:298,0
DA:299,0
DA:300,0
DA:301,0
DA:305,0
DA:306,0
DA:307,0
DA:308,0
DA:314,0
DA:315,0
DA:316,0
DA:317,0
DA:322,0
DA:328,0
DA:330,0
DA:331,0
DA:332,0
DA:334,0
DA:335,0
DA:336,0
DA:341,1
DA:342,1
DA:344,1
DA:349,1
DA:354,0
DA:355,0
DA:357,0
DA:362,0
DA:367,1
DA:368,1
DA:369,1
DA:372,1
DA:373,1
DA:374,1
DA:380,1
DA:382,1
DA:383,1
DA:386,1
DA:387,1
DA:388,1
DA:398,1
DA:399,1
DA:400,1
DA:403,1
DA:404,1
DA:405,1
DA:411,1
DA:413,1
DA:414,1
DA:417,1
DA:418,1
DA:419,1
DA:424,1
DA:425,0
DA:426,0
DA:427,0
DA:430,1
DA:431,1
DA:436,1
DA:441,1
DA:442,1
DA:443,1
DA:444,1
DA:445,1
DA:446,1
DA:447,1
DA:450,1
DA:454,1
DA:455,1
DA:456,1
DA:457,1
DA:458,1
DA:462,2
DA:463,1
DA:464,1
DA:466,1
DA:467,2
DA:468,1
DA:469,2
DA:476,0
DA:477,0
DA:478,0
DA:479,0
DA:480,0
DA:484,1
DA:489,1
DA:491,1
DA:492,1
DA:493,1
DA:494,1
DA:495,0
DA:496,0
DA:497,0
DA:500,1
DA:502,1
DA:503,1
DA:509,1
DA:510,1
DA:512,1
DA:525,1
DA:527,1
DA:528,1
DA:529,1
DA:531,1
DA:533,1
DA:534,1
DA:535,1
DA:536,1
DA:537,1
DA:538,1
DA:539,1
DA:540,1
DA:541,1
DA:542,1
DA:543,1
DA:544,1
DA:550,0
DA:551,0
DA:553,0
DA:555,0
DA:556,0
DA:557,0
DA:558,0
DA:559,0
DA:560,0
DA:561,0
DA:562,0
DA:563,0
DA:564,0
DA:565,0
DA:566,0
DA:567,0
LF:261
LH:84
end_of_record
SF:lib\pages\authentication\widget_tree.dart
DA:10,4
DA:12,3
DA:13,3
DA:17,3
DA:19,1
DA:20,4
DA:21,1
DA:22,3
DA:23,1
DA:24,0
DA:25,0
LF:11
LH:9
end_of_record
SF:lib\pages\song\swipe.dart
DA:17,10
DA:19,0
DA:20,0
DA:31,0
DA:33,0
DA:34,0
DA:35,0
DA:38,0
DA:39,0
DA:40,0
DA:41,0
DA:44,0
DA:46,0
DA:52,0
DA:54,0
DA:55,0
DA:56,0
DA:57,0
DA:58,0
DA:60,0
DA:61,0
DA:62,0
DA:63,0
DA:64,0
DA:66,0
DA:69,0
DA:70,0
DA:71,0
DA:75,0
DA:77,0
DA:79,0
DA:81,0
DA:82,0
DA:84,0
DA:89,0
DA:90,0
DA:91,0
DA:92,0
DA:94,0
DA:95,0
DA:96,0
DA:97,0
DA:105,0
DA:106,0
DA:108,0
DA:109,0
DA:111,0
DA:112,0
DA:113,0
DA:114,0
DA:116,0
DA:118,0
DA:120,0
DA:121,0
DA:122,0
DA:123,0
DA:124,0
DA:125,0
DA:126,0
DA:128,0
DA:129,0
DA:137,0
DA:138,0
DA:139,0
DA:140,0
DA:141,0
DA:142,0
DA:150,0
DA:153,0
DA:154,0
DA:155,0
DA:156,0
DA:157,0
DA:159,0
DA:160,0
DA:161,0
DA:162,0
DA:164,0
DA:165,0
DA:168,0
DA:172,0
DA:175,0
DA:176,0
DA:180,0
DA:183,0
DA:184,0
DA:188,0
DA:191,0
DA:194,0
DA:195,0
DA:196,0
DA:197,0
DA:200,0
DA:201,0
DA:203,0
DA:209,0
DA:212,0
DA:215,0
DA:216,0
DA:217,0
DA:218,0
DA:221,0
DA:222,0
DA:224,0
DA:235,0
DA:236,0
DA:237,0
DA:240,0
DA:241,0
LF:109
LH:1
end_of_record
SF:lib\pages\mixPlaylist\firstMixPlaylist.dart
DA:11,0
DA:13,0
DA:14,0
DA:22,0
DA:24,0
DA:25,0
DA:28,0
DA:29,0
DA:30,0
DA:31,0
DA:32,0
DA:33,0
DA:34,0
DA:35,0
DA:39,0
DA:41,0
DA:42,0
DA:43,0
DA:44,0
DA:45,0
DA:46,0
DA:48,0
DA:49,0
DA:52,0
DA:53,0
DA:56,0
DA:58,0
DA:59,0
DA:62,0
DA:65,0
DA:66,0
DA:70,0
DA:71,0
DA:72,0
DA:73,0
DA:75,0
DA:79,0
DA:80,0
DA:83,0
DA:84,0
DA:86,0
DA:88,0
DA:91,0
DA:94,0
DA:99,0
DA:100,0
DA:101,0
DA:102,0
DA:104,0
LF:49
LH:0
end_of_record
SF:lib\pages\mixPlaylist\mixPlaylist.dart
DA:13,0
DA:14,0
DA:24,0
DA:26,0
DA:27,0
DA:30,0
DA:31,0
DA:32,0
DA:33,0
DA:34,0
DA:35,0
DA:36,0
DA:37,0
DA:44,0
DA:45,0
DA:46,0
DA:51,0
DA:54,0
DA:58,0
DA:63,0
DA:64,0
DA:65,0
DA:66,0
DA:67,0
DA:69,0
DA:70,0
DA:71,0
DA:76,0
DA:78,0
DA:79,0
DA:80,0
DA:81,0
DA:83,0
DA:84,0
DA:85,0
DA:90,0
DA:91,0
DA:92,0
DA:95,0
DA:113,0
DA:115,0
DA:116,0
DA:117,0
DA:118,0
DA:119,0
DA:120,0
DA:121,0
DA:122,0
DA:123,0
DA:124,0
DA:125,0
DA:127,0
DA:128,0
DA:129,0
DA:132,0
DA:133,0
DA:138,0
DA:139,0
DA:144,0
DA:145,0
DA:146,0
DA:149,0
DA:150,0
LF:63
LH:0
end_of_record
SF:lib\pages\mixPlaylist\finalMixPlaylist.dart
DA:12,0
DA:14,0
DA:15,0
DA:23,0
DA:25,0
DA:26,0
DA:27,0
DA:30,0
DA:31,0
DA:32,0
DA:33,0
DA:36,0
DA:38,0
DA:45,0
DA:46,0
DA:49,0
DA:51,0
DA:52,0
DA:53,0
DA:54,0
DA:55,0
DA:56,0
DA:58,0
DA:59,0
DA:60,0
DA:61,0
DA:63,0
DA:64,0
DA:65,0
DA:66,0
DA:67,0
DA:68,0
DA:74,0
DA:75,0
DA:76,0
DA:77,0
DA:78,0
DA:80,0
DA:81,0
DA:82,0
DA:84,0
DA:85,0
DA:88,0
DA:90,0
DA:91,0
DA:96,0
DA:98,0
DA:99,0
DA:101,0
DA:103,0
DA:104,0
DA:105,0
DA:106,0
DA:108,0
DA:109,0
DA:110,0
DA:112,0
DA:113,0
DA:114,0
DA:116,0
DA:121,0
DA:125,0
DA:126,0
DA:137,0
DA:139,0
DA:140,0
DA:142,0
DA:143,0
DA:144,0
DA:145,0
DA:146,0
DA:147,0
DA:148,0
DA:149,0
DA:151,0
LF:75
LH:0
end_of_record
SF:lib\pages\mixPlaylist\mixFromUserLibrary.dart
DA:17,0
DA:18,0
DA:27,0
DA:29,0
DA:30,0
DA:33,0
DA:34,0
DA:35,0
DA:36,0
DA:37,0
DA:38,0
DA:39,0
DA:40,0
DA:46,0
DA:47,0
DA:48,0
DA:49,0
DA:52,0
DA:53,0
DA:61,0
DA:62,0
DA:63,0
DA:65,0
DA:66,0
DA:69,0
DA:70,0
DA:71,0
DA:76,0
DA:77,0
DA:78,0
DA:79,0
DA:84,0
DA:85,0
DA:86,0
DA:90,0
DA:91,0
DA:92,0
DA:93,0
DA:94,0
DA:95,0
DA:96,0
DA:101,0
DA:102,0
DA:103,0
DA:105,0
DA:106,0
DA:115,0
DA:120,0
DA:122,0
DA:123,0
DA:124,0
DA:125,0
DA:126,0
DA:127,0
DA:128,0
DA:129,0
DA:130,0
DA:131,0
DA:132,0
DA:134,0
DA:135,0
DA:136,0
DA:138,0
DA:139,0
DA:144,0
DA:145,0
DA:150,0
DA:151,0
DA:152,0
DA:155,0
DA:156,0
LF:71
LH:0
end_of_record
SF:lib\pages\song\playlistScreen.dart
DA:10,0
DA:12,0
DA:13,0
DA:20,0
DA:22,0
DA:23,0
DA:26,0
DA:27,0
DA:28,0
DA:29,0
DA:32,0
DA:34,0
DA:38,0
DA:39,0
DA:40,0
DA:42,0
DA:43,0
DA:45,0
DA:46,0
DA:47,0
DA:48,0
DA:49,0
DA:50,0
DA:52,0
DA:53,0
DA:54,0
DA:55,0
DA:56,0
DA:62,0
DA:63,0
DA:65,0
DA:66,0
DA:67,0
DA:68,0
DA:69,0
DA:74,0
DA:75,0
DA:76,0
DA:84,0
DA:85,0
DA:86,0
DA:87,0
DA:88,0
DA:89,0
DA:91,0
DA:95,0
DA:109,0
DA:111,0
DA:112,0
DA:113,0
DA:114,0
DA:115,0
DA:116,0
DA:117,0
DA:118,0
DA:120,0
DA:121,0
DA:122,0
DA:123,0
DA:124,0
DA:125,0
DA:130,0
DA:131,0
LF:63
LH:0
end_of_record
SF:lib\pages\mixPlaylist\mixPlaylistLibraryFriend.dart
DA:18,0
DA:20,0
DA:22,0
DA:31,0
DA:33,0
DA:34,0
DA:37,0
DA:38,0
DA:39,0
DA:40,0
DA:41,0
DA:42,0
DA:43,0
DA:44,0
DA:50,0
DA:51,0
DA:54,0
DA:55,0
DA:61,0
DA:62,0
DA:63,0
DA:66,0
DA:67,0
DA:68,0
DA:71,0
DA:72,0
DA:73,0
DA:74,0
DA:79,0
DA:80,0
DA:81,0
DA:82,0
DA:83,0
DA:84,0
DA:85,0
DA:90,0
DA:91,0
DA:92,0
DA:94,0
DA:95,0
DA:104,0
DA:109,0
DA:111,0
DA:112,0
DA:113,0
DA:114,0
DA:115,0
DA:116,0
DA:117,0
DA:118,0
DA:119,0
DA:120,0
DA:121,0
DA:123,0
DA:124,0
DA:125,0
DA:126,0
DA:127,0
DA:128,0
DA:133,0
DA:134,0
DA:139,0
DA:140,0
DA:141,0
DA:144,0
DA:145,0
LF:66
LH:0
end_of_record
SF:lib\pages\song\finalPlaylistScreen.dart
DA:13,0
DA:15,0
DA:16,0
DA:24,0
DA:26,0
DA:27,0
DA:28,0
DA:31,0
DA:32,0
DA:33,0
DA:34,0
DA:37,0
DA:39,0
DA:46,0
DA:47,0
DA:49,0
DA:50,0
DA:52,0
DA:56,0
DA:58,0
DA:59,0
DA:60,0
DA:61,0
DA:62,0
DA:63,0
DA:64,0
DA:65,0
DA:66,0
DA:67,0
DA:69,0
DA:70,0
DA:71,0
DA:72,0
DA:74,0
DA:75,0
DA:76,0
DA:77,0
DA:78,0
DA:79,0
DA:85,0
DA:86,0
DA:87,0
DA:88,0
DA:89,0
DA:91,0
DA:92,0
DA:93,0
DA:95,0
DA:96,0
DA:99,0
DA:101,0
DA:102,0
DA:107,0
DA:109,0
DA:110,0
DA:112,0
DA:114,0
DA:115,0
DA:116,0
DA:117,0
DA:119,0
DA:120,0
DA:121,0
DA:123,0
DA:124,0
DA:125,0
DA:127,0
DA:132,0
DA:136,0
DA:137,0
DA:148,0
DA:150,0
DA:151,0
DA:153,0
DA:154,0
DA:155,0
DA:156,0
DA:157,0
DA:158,0
DA:159,0
DA:160,0
DA:162,0
DA:176,0
LF:83
LH:0
end_of_record
SF:lib\main.dart
DA:8,0
DA:9,0
DA:10,0
DA:11,0
DA:15,6
DA:17,3
DA:19,3
DA:23,3
DA:24,3
DA:25,0
LF:10
LH:5
end_of_record
SF:lib\pages\loadingScreen.dart
DA:8,3
DA:10,3
DA:12,3
DA:13,5
DA:14,2
DA:16,4
DA:19,3
DA:20,3
DA:21,3
DA:22,3
DA:24,3
DA:25,3
LF:12
LH:12
end_of_record
